# JRE version: OpenJDK Runtime Environment (11.0.10) (build 11.0.10+0-b96-7249189)
# Java VM: OpenJDK 64-Bit Server VM (11.0.10+0-b96-7249189, mixed mode, tiered, compressed oops, g1 gc, windows-amd64)
Heap:
 garbage-first heap   total 229376K, used 24459K [0x0000000721400000, 0x0000000800000000)
  region size 1024K, 5 young (5120K), 5 survivors (5120K)
 Metaspace       used 41586K, capacity 42030K, committed 42112K, reserved 1097728K
  class space    used 4985K, capacity 5190K, committed 5248K, reserved 1048576K
GC Heap History (10 events):
Event: 0.590 GC heap before
{Heap before GC invocations=0 (full 0):
 garbage-first heap   total 229376K, used 17408K [0x0000000721400000, 0x0000000800000000)
  region size 1024K, 14 young (14336K), 0 survivors (0K)
 Metaspace       used 9813K, capacity 9938K, committed 10112K, reserved 1058816K
  class space    used 842K, capacity 885K, committed 896K, reserved 1048576K
}
Event: 0.593 GC heap after
{Heap after GC invocations=1 (full 0):
 garbage-first heap   total 229376K, used 5188K [0x0000000721400000, 0x0000000800000000)
  region size 1024K, 2 young (2048K), 2 survivors (2048K)
 Metaspace       used 9813K, capacity 9938K, committed 10112K, reserved 1058816K
  class space    used 842K, capacity 885K, committed 896K, reserved 1048576K
}
Event: 1.415 GC heap before
{Heap before GC invocations=1 (full 0):
 garbage-first heap   total 229376K, used 49220K [0x0000000721400000, 0x0000000800000000)
  region size 1024K, 46 young (47104K), 2 survivors (2048K)
 Metaspace       used 20763K, capacity 20990K, committed 21248K, reserved 1069056K
  class space    used 2199K, capacity 2280K, committed 2304K, reserved 1048576K
}
Event: 1.429 GC heap after
{Heap after GC invocations=2 (full 0):
 garbage-first heap   total 229376K, used 9037K [0x0000000721400000, 0x0000000800000000)
  region size 1024K, 6 young (6144K), 6 survivors (6144K)
 Metaspace       used 20763K, capacity 20990K, committed 21248K, reserved 1069056K
  class space    used 2199K, capacity 2280K, committed 2304K, reserved 1048576K
}
Event: 2.441 GC heap before
{Heap before GC invocations=3 (full 0):
 garbage-first heap   total 229376K, used 62285K [0x0000000721400000, 0x0000000800000000)
  region size 1024K, 53 young (54272K), 6 survivors (6144K)
 Metaspace       used 32344K, capacity 32852K, committed 33024K, reserved 1077248K
  class space    used 4050K, capacity 4246K, committed 4352K, reserved 1048576K
}
Event: 2.456 GC heap after
{Heap after GC invocations=4 (full 0):
 garbage-first heap   total 229376K, used 20540K [0x0000000721400000, 0x0000000800000000)
  region size 1024K, 7 young (7168K), 7 survivors (7168K)
 Metaspace       used 32344K, capacity 32852K, committed 33024K, reserved 1077248K
  class space    used 4050K, capacity 4246K, committed 4352K, reserved 1048576K
}
Event: 2.696 GC heap before
{Heap before GC invocations=4 (full 0):
 garbage-first heap   total 229376K, used 32828K [0x0000000721400000, 0x0000000800000000)
  region size 1024K, 20 young (20480K), 7 survivors (7168K)
 Metaspace       used 35011K, capacity 35455K, committed 35584K, reserved 1081344K
  class space    used 4341K, capacity 4538K, committed 4608K, reserved 1048576K
}
Event: 2.705 GC heap after
{Heap after GC invocations=5 (full 0):
 garbage-first heap   total 229376K, used 21697K [0x0000000721400000, 0x0000000800000000)
  region size 1024K, 2 young (2048K), 2 survivors (2048K)
 Metaspace       used 35011K, capacity 35455K, committed 35584K, reserved 1081344K
  class space    used 4341K, capacity 4538K, committed 4608K, reserved 1048576K
}
Event: 3.254 GC heap before
{Heap before GC invocations=6 (full 0):
 garbage-first heap   total 229376K, used 54465K [0x0000000721400000, 0x0000000800000000)
  region size 1024K, 35 young (35840K), 2 survivors (2048K)
 Metaspace       used 41586K, capacity 42030K, committed 42112K, reserved 1095680K
  class space    used 4985K, capacity 5190K, committed 5248K, reserved 1048576K
}
Event: 3.262 GC heap after
{Heap after GC invocations=7 (full 0):
 garbage-first heap   total 229376K, used 24459K [0x0000000721400000, 0x0000000800000000)
  region size 1024K, 5 young (5120K), 5 survivors (5120K)
 Metaspace       used 41586K, capacity 42030K, committed 42112K, reserved 1095680K
  class space    used 4985K, capacity 5190K, committed 5248K, reserved 1048576K
}

